{"/Users/4math1/codemeeting/skills/sample_hears.js":{"path":"/Users/4math1/codemeeting/skills/sample_hears.js","s":{"1":1,"2":1,"3":0,"4":0,"5":0,"6":0,"7":0,"8":0,"9":0,"10":0,"11":0,"12":0,"13":0,"14":0,"15":0,"16":0,"17":0,"18":0,"19":0,"20":0,"21":0,"22":0,"23":0,"24":0,"25":0,"26":0,"27":0,"28":1,"29":0,"30":0,"31":0,"32":0,"33":0,"34":0,"35":0,"36":0,"37":0,"38":0,"39":0,"40":1,"41":0,"42":0,"43":0,"44":0,"45":0,"46":0,"47":0,"48":0,"49":0,"50":0,"51":0,"52":0,"53":0,"54":0,"55":0,"56":0,"57":0,"58":0},"b":{"1":[0,0],"2":[0,0],"3":[0,0],"4":[0,0],"5":[0,0],"6":[0,0],"7":[0,0],"8":[0,0],"9":[0,0],"10":[0,0],"11":[0,0]},"f":{"1":0,"2":0,"3":0,"4":0,"5":0,"6":0,"7":0,"8":0,"9":0,"10":0},"fnMap":{"1":{"name":"(anonymous_1)","line":14,"loc":{"start":{"line":14,"column":17},"end":{"line":14,"column":38}}},"2":{"name":"(anonymous_2)","line":22,"loc":{"start":{"line":22,"column":35},"end":{"line":22,"column":46}}},"3":{"name":"(anonymous_3)","line":26,"loc":{"start":{"line":26,"column":41},"end":{"line":26,"column":52}}},"4":{"name":"(anonymous_4)","line":31,"loc":{"start":{"line":31,"column":76},"end":{"line":31,"column":99}}},"5":{"name":"(anonymous_5)","line":33,"loc":{"start":{"line":33,"column":40},"end":{"line":33,"column":61}}},"6":{"name":"(anonymous_6)","line":57,"loc":{"start":{"line":57,"column":77},"end":{"line":57,"column":99}}},"7":{"name":"(anonymous_7)","line":59,"loc":{"start":{"line":59,"column":44},"end":{"line":59,"column":64}}},"8":{"name":"(anonymous_8)","line":78,"loc":{"start":{"line":78,"column":76},"end":{"line":78,"column":99}}},"9":{"name":"formatUptime","line":99,"loc":{"start":{"line":99,"column":4},"end":{"line":99,"column":34}}},"10":{"name":"RDVar","line":118,"loc":{"start":{"line":118,"column":4},"end":{"line":118,"column":25}}}},"statementMap":{"1":{"start":{"line":12,"column":0},"end":{"line":12,"column":39}},"2":{"start":{"line":14,"column":0},"end":{"line":166,"column":2}},"3":{"start":{"line":17,"column":4},"end":{"line":20,"column":5}},"4":{"start":{"line":22,"column":4},"end":{"line":24,"column":7}},"5":{"start":{"line":23,"column":8},"end":{"line":23,"column":25}},"6":{"start":{"line":26,"column":4},"end":{"line":28,"column":7}},"7":{"start":{"line":27,"column":8},"end":{"line":27,"column":23}},"8":{"start":{"line":31,"column":4},"end":{"line":44,"column":7}},"9":{"start":{"line":33,"column":8},"end":{"line":42,"column":11}},"10":{"start":{"line":34,"column":12},"end":{"line":41,"column":13}},"11":{"start":{"line":35,"column":16},"end":{"line":35,"column":71}},"12":{"start":{"line":36,"column":16},"end":{"line":36,"column":53}},"13":{"start":{"line":37,"column":16},"end":{"line":37,"column":57}},"14":{"start":{"line":39,"column":16},"end":{"line":39,"column":183}},"15":{"start":{"line":40,"column":16},"end":{"line":40,"column":33}},"16":{"start":{"line":57,"column":4},"end":{"line":70,"column":2}},"17":{"start":{"line":59,"column":12},"end":{"line":67,"column":14}},"18":{"start":{"line":60,"column":16},"end":{"line":66,"column":17}},"19":{"start":{"line":62,"column":20},"end":{"line":62,"column":63}},"20":{"start":{"line":64,"column":20},"end":{"line":64,"column":58}},"21":{"start":{"line":65,"column":20},"end":{"line":65,"column":37}},"22":{"start":{"line":78,"column":4},"end":{"line":89,"column":7}},"23":{"start":{"line":79,"column":8},"end":{"line":88,"column":9}},"24":{"start":{"line":81,"column":12},"end":{"line":85,"column":13}},"25":{"start":{"line":82,"column":16},"end":{"line":82,"column":53}},"26":{"start":{"line":84,"column":16},"end":{"line":84,"column":45}},"27":{"start":{"line":87,"column":12},"end":{"line":87,"column":65}},"28":{"start":{"line":99,"column":4},"end":{"line":115,"column":5}},"29":{"start":{"line":100,"column":8},"end":{"line":100,"column":28}},"30":{"start":{"line":101,"column":8},"end":{"line":104,"column":9}},"31":{"start":{"line":102,"column":12},"end":{"line":102,"column":33}},"32":{"start":{"line":103,"column":12},"end":{"line":103,"column":28}},"33":{"start":{"line":105,"column":8},"end":{"line":108,"column":9}},"34":{"start":{"line":106,"column":12},"end":{"line":106,"column":33}},"35":{"start":{"line":107,"column":12},"end":{"line":107,"column":26}},"36":{"start":{"line":109,"column":8},"end":{"line":111,"column":9}},"37":{"start":{"line":110,"column":12},"end":{"line":110,"column":30}},"38":{"start":{"line":113,"column":8},"end":{"line":113,"column":47}},"39":{"start":{"line":114,"column":8},"end":{"line":114,"column":22}},"40":{"start":{"line":118,"column":4},"end":{"line":164,"column":5}},"41":{"start":{"line":120,"column":8},"end":{"line":120,"column":64}},"42":{"start":{"line":121,"column":8},"end":{"line":121,"column":62}},"43":{"start":{"line":122,"column":8},"end":{"line":122,"column":123}},"44":{"start":{"line":123,"column":8},"end":{"line":123,"column":86}},"45":{"start":{"line":125,"column":8},"end":{"line":128,"column":9}},"46":{"start":{"line":126,"column":12},"end":{"line":126,"column":40}},"47":{"start":{"line":127,"column":12},"end":{"line":127,"column":50}},"48":{"start":{"line":129,"column":8},"end":{"line":132,"column":9}},"49":{"start":{"line":130,"column":12},"end":{"line":130,"column":36}},"50":{"start":{"line":131,"column":12},"end":{"line":131,"column":72}},"51":{"start":{"line":134,"column":8},"end":{"line":138,"column":9}},"52":{"start":{"line":135,"column":12},"end":{"line":135,"column":43}},"53":{"start":{"line":136,"column":12},"end":{"line":136,"column":76}},"54":{"start":{"line":140,"column":8},"end":{"line":144,"column":9}},"55":{"start":{"line":141,"column":12},"end":{"line":141,"column":66}},"56":{"start":{"line":142,"column":12},"end":{"line":142,"column":54}},"57":{"start":{"line":146,"column":9},"end":{"line":146,"column":30}},"58":{"start":{"line":147,"column":9},"end":{"line":147,"column":21}}},"branchMap":{"1":{"line":34,"type":"if","locations":[{"start":{"line":34,"column":12},"end":{"line":34,"column":12}},{"start":{"line":34,"column":12},"end":{"line":34,"column":12}}]},"2":{"line":60,"type":"if","locations":[{"start":{"line":60,"column":16},"end":{"line":60,"column":16}},{"start":{"line":60,"column":16},"end":{"line":60,"column":16}}]},"3":{"line":79,"type":"if","locations":[{"start":{"line":79,"column":8},"end":{"line":79,"column":8}},{"start":{"line":79,"column":8},"end":{"line":79,"column":8}}]},"4":{"line":81,"type":"if","locations":[{"start":{"line":81,"column":12},"end":{"line":81,"column":12}},{"start":{"line":81,"column":12},"end":{"line":81,"column":12}}]},"5":{"line":101,"type":"if","locations":[{"start":{"line":101,"column":8},"end":{"line":101,"column":8}},{"start":{"line":101,"column":8},"end":{"line":101,"column":8}}]},"6":{"line":105,"type":"if","locations":[{"start":{"line":105,"column":8},"end":{"line":105,"column":8}},{"start":{"line":105,"column":8},"end":{"line":105,"column":8}}]},"7":{"line":109,"type":"if","locations":[{"start":{"line":109,"column":8},"end":{"line":109,"column":8}},{"start":{"line":109,"column":8},"end":{"line":109,"column":8}}]},"8":{"line":125,"type":"if","locations":[{"start":{"line":125,"column":8},"end":{"line":125,"column":8}},{"start":{"line":125,"column":8},"end":{"line":125,"column":8}}]},"9":{"line":129,"type":"if","locations":[{"start":{"line":129,"column":8},"end":{"line":129,"column":8}},{"start":{"line":129,"column":8},"end":{"line":129,"column":8}}]},"10":{"line":134,"type":"if","locations":[{"start":{"line":134,"column":8},"end":{"line":134,"column":8}},{"start":{"line":134,"column":8},"end":{"line":134,"column":8}}]},"11":{"line":140,"type":"if","locations":[{"start":{"line":140,"column":8},"end":{"line":140,"column":8}},{"start":{"line":140,"column":8},"end":{"line":140,"column":8}}]}}}}